<?xml version="1.0" encoding="UTF-8"?>
<testsuite xmlns:xsi="http://www.w3.org/2001/XMLSchema-instance" xsi:noNamespaceSchemaLocation="https://maven.apache.org/surefire/maven-surefire-plugin/xsd/surefire-test-report-3.0.xsd" version="3.0" name="at.jku.swtesting.RingBufferSimpleModelTest" time="0.063" tests="1" errors="0" skipped="0" failures="0">
  <properties>
[...]
</properties>
  <testcase name="randomTestWithSimpleModel" classname="at.jku.swtesting.RingBufferSimpleModelTest" time="0.049">
    <system-out><![CDATA[done (EMPTY, enqueue, FILLED)
done (FILLED, dequeue, EMPTY)
done (EMPTY, enqueue, FILLED)
done (FILLED, enqueue, FILLED)
done (FILLED, enqueue, FULL)
done (FULL, dequeue, FILLED)
done (FILLED, enqueue, FULL)
done (FULL, dequeue, FILLED)
done (FILLED, enqueue, FULL)
done (FULL, dequeue, FILLED)
action coverage: 2/2
state coverage: 3/3
transition coverage: 5/5
]]></system-out>
  </testcase>
</testsuite>