<?xml version="1.0" encoding="UTF-8"?>
<testsuite xmlns:xsi="http://www.w3.org/2001/XMLSchema-instance" xsi:noNamespaceSchemaLocation="https://maven.apache.org/surefire/maven-surefire-plugin/xsd/surefire-test-report-3.0.xsd" version="3.0" name="at.jku.swtesting.RingBufferTest" time="0.044" tests="19" errors="0" skipped="0" failures="0">
  <properties>
[...]
</properties>
  <testcase name="testRingBufferDequeueWithZeroElement" classname="at.jku.swtesting.RingBufferTest" time="0.011"/>
  <testcase name="testHasNextWhenNotEmpty" classname="at.jku.swtesting.RingBufferTest" time="0.003"/>
  <testcase name="testUsageOfEnqueueWithIntAndNull" classname="at.jku.swtesting.RingBufferTest" time="0.001"/>
  <testcase name="testRingBufferWorkWithDifferentDataTypes" classname="at.jku.swtesting.RingBufferTest" time="0"/>
  <testcase name="testNextWhenNotEmpty" classname="at.jku.swtesting.RingBufferTest" time="0"/>
  <testcase name="testNextWhenEmpty" classname="at.jku.swtesting.RingBufferTest" time="0.001"/>
  <testcase name="testRingBufferConstructorWithZeroElement" classname="at.jku.swtesting.RingBufferTest" time="0.001"/>
  <testcase name="testPeek" classname="at.jku.swtesting.RingBufferTest" time="0"/>
  <testcase name="testSize" classname="at.jku.swtesting.RingBufferTest" time="0"/>
  <testcase name="testEnqueueWhenFullCapacity" classname="at.jku.swtesting.RingBufferTest" time="0.001"/>
  <testcase name="testIteratorWithConcurrency" classname="at.jku.swtesting.RingBufferTest" time="0.007"/>
  <testcase name="testCapacity" classname="at.jku.swtesting.RingBufferTest" time="0.001"/>
  <testcase name="testEnqueueWithConcurrency" classname="at.jku.swtesting.RingBufferTest" time="0.002"/>
  <testcase name="testHasNextWhenEmpty" classname="at.jku.swtesting.RingBufferTest" time="0.001"/>
  <testcase name="testIsFull" classname="at.jku.swtesting.RingBufferTest" time="0.001"/>
  <testcase name="testIsEmpty" classname="at.jku.swtesting.RingBufferTest" time="0"/>
  <testcase name="testIterator" classname="at.jku.swtesting.RingBufferTest" time="0.001"/>
  <testcase name="testRingBufferConstructorWithOneElement" classname="at.jku.swtesting.RingBufferTest" time="0"/>
  <testcase name="testRingBufferPeekWithZeroElement" classname="at.jku.swtesting.RingBufferTest" time="0.001"/>
</testsuite>